{"contracts\\BikeContract.sol":{"l":{"68":6,"69":6,"70":6,"71":6,"75":1,"76":1,"77":5,"79":1,"83":1,"89":6,"90":6,"91":6,"95":0,"96":0,"97":0,"101":0,"102":0,"103":0,"105":0,"109":0,"115":0,"116":0,"120":0,"121":0,"125":0,"126":0},"path":"C:\\Users\\Enrico\\Desktop\\Projects\\x20132484_HDBC_SEPOL_PROJECT\\contracts\\BikeContract.sol","s":{"1":6,"2":6,"3":6,"4":1,"5":1,"6":5,"7":1,"8":1,"9":6,"10":6,"11":0,"12":0,"13":0,"14":0,"15":0,"16":0,"17":0,"18":0,"19":0,"20":0,"21":0,"22":0,"23":0,"24":0},"b":{},"f":{"1":6,"2":1,"3":1,"4":6,"5":0,"6":0,"7":0,"8":0,"9":0,"10":0},"fnMap":{"1":{"name":"newBike","line":67,"loc":{"start":{"line":67,"column":2},"end":{"line":72,"column":2}}},"2":{"name":"showListBikeDetails","line":74,"loc":{"start":{"line":74,"column":2},"end":{"line":80,"column":2}}},"3":{"name":"showBikeDetails","line":82,"loc":{"start":{"line":82,"column":2},"end":{"line":84,"column":2}}},"4":{"name":"_newOwner","line":88,"loc":{"start":{"line":88,"column":2},"end":{"line":92,"column":2}}},"5":{"name":"updateOwner","line":94,"loc":{"start":{"line":94,"column":2},"end":{"line":98,"column":2}}},"6":{"name":"showListOwnerDetails","line":100,"loc":{"start":{"line":100,"column":2},"end":{"line":106,"column":2}}},"7":{"name":"showOwnerDetails","line":108,"loc":{"start":{"line":108,"column":2},"end":{"line":110,"column":2}}},"8":{"name":"addDetails","line":114,"loc":{"start":{"line":114,"column":2},"end":{"line":117,"column":2}}},"9":{"name":"transferOwnership","line":119,"loc":{"start":{"line":119,"column":2},"end":{"line":122,"column":2}}},"10":{"name":"renounceOwnership","line":124,"loc":{"start":{"line":124,"column":2},"end":{"line":127,"column":2}}}},"statementMap":{"1":{"start":{"line":68,"column":4},"end":{"line":68,"column":93}},"2":{"start":{"line":70,"column":4},"end":{"line":70,"column":66}},"3":{"start":{"line":71,"column":4},"end":{"line":71,"column":27}},"4":{"start":{"line":75,"column":4},"end":{"line":75,"column":64}},"5":{"start":{"line":76,"column":4},"end":{"line":76,"column":1606}},"6":{"start":{"line":77,"column":8},"end":{"line":77,"column":27}},"7":{"start":{"line":79,"column":4},"end":{"line":79,"column":17}},"8":{"start":{"line":83,"column":4},"end":{"line":83,"column":76}},"9":{"start":{"line":89,"column":4},"end":{"line":89,"column":65}},"10":{"start":{"line":91,"column":4},"end":{"line":91,"column":47}},"11":{"start":{"line":95,"column":4},"end":{"line":95,"column":31}},"12":{"start":{"line":96,"column":4},"end":{"line":96,"column":33}},"13":{"start":{"line":97,"column":4},"end":{"line":97,"column":46}},"14":{"start":{"line":101,"column":4},"end":{"line":101,"column":67}},"15":{"start":{"line":102,"column":4},"end":{"line":102,"column":2506}},"16":{"start":{"line":103,"column":8},"end":{"line":103,"column":27}},"17":{"start":{"line":105,"column":4},"end":{"line":105,"column":17}},"18":{"start":{"line":109,"column":4},"end":{"line":109,"column":56}},"19":{"start":{"line":115,"column":4},"end":{"line":115,"column":32}},"20":{"start":{"line":116,"column":4},"end":{"line":116,"column":36}},"21":{"start":{"line":120,"column":4},"end":{"line":120,"column":40}},"22":{"start":{"line":121,"column":4},"end":{"line":121,"column":39}},"23":{"start":{"line":125,"column":4},"end":{"line":125,"column":41}},"24":{"start":{"line":126,"column":4},"end":{"line":126,"column":40}}},"branchMap":{}}}