{"contracts\\BikeContract.sol":{"l":{"68":9,"69":9,"70":9,"71":9,"77":10,"78":10,"79":10,"85":3,"86":3,"97":9,"105":9,"106":9,"107":9,"111":4,"112":4,"113":32,"115":4,"129":1,"143":9,"144":9,"145":9,"153":1,"154":1,"155":1,"163":1,"171":3,"172":3,"173":3,"177":1,"178":1,"179":2,"181":1,"190":1,"191":1,"192":1,"196":1,"197":1},"path":"C:\\Users\\Enrico\\Desktop\\Projects\\x20132484_HDBC_SEPOL_PROJECT\\contracts\\BikeContract.sol","s":{"1":9,"2":9,"3":9,"4":10,"5":10,"6":3,"7":9,"8":9,"9":9,"10":4,"11":4,"12":32,"13":4,"14":1,"15":9,"16":9,"17":1,"18":1,"19":1,"20":1,"21":3,"22":3,"23":1,"24":1,"25":2,"26":1,"27":1,"28":1,"29":1,"30":1,"31":1},"b":{"1":[9,0],"2":[9,0],"3":[9,0],"4":[10,0],"5":[10,0],"6":[3,0]},"f":{"1":9,"2":10,"3":3,"4":9,"5":4,"6":1,"7":9,"8":1,"9":1,"10":3,"11":1,"12":1,"13":1},"fnMap":{"1":{"name":"emptyBikeString","line":63,"loc":{"start":{"line":63,"column":4},"end":{"line":72,"column":4}}},"2":{"name":"emptyOwnerString","line":76,"loc":{"start":{"line":76,"column":4},"end":{"line":80,"column":4}}},"3":{"name":"emptyDetailsString","line":84,"loc":{"start":{"line":84,"column":4},"end":{"line":87,"column":4}}},"4":{"name":"newBike","line":96,"loc":{"start":{"line":90,"column":4},"end":{"line":108,"column":4}}},"5":{"name":"showListBikeDetails","line":110,"loc":{"start":{"line":110,"column":4},"end":{"line":116,"column":4}}},"6":{"name":"showBikeDetails","line":118,"loc":{"start":{"line":118,"column":4},"end":{"line":136,"column":4}}},"7":{"name":"_newOwner","line":141,"loc":{"start":{"line":139,"column":4},"end":{"line":146,"column":4}}},"8":{"name":"_updateOwner","line":152,"loc":{"start":{"line":148,"column":4},"end":{"line":156,"column":4}}},"9":{"name":"showOwnerDetails","line":158,"loc":{"start":{"line":158,"column":4},"end":{"line":164,"column":4}}},"10":{"name":"addDetails","line":169,"loc":{"start":{"line":167,"column":4},"end":{"line":174,"column":4}}},"11":{"name":"showAllDetails","line":176,"loc":{"start":{"line":176,"column":4},"end":{"line":182,"column":4}}},"12":{"name":"transferOwnership","line":184,"loc":{"start":{"line":184,"column":4},"end":{"line":193,"column":4}}},"13":{"name":"renounceOwnership","line":195,"loc":{"start":{"line":195,"column":4},"end":{"line":198,"column":4}}}},"statementMap":{"1":{"start":{"line":68,"column":8},"end":{"line":68,"column":69}},"2":{"start":{"line":69,"column":8},"end":{"line":69,"column":71}},"3":{"start":{"line":70,"column":8},"end":{"line":70,"column":71}},"4":{"start":{"line":77,"column":8},"end":{"line":77,"column":69}},"5":{"start":{"line":78,"column":8},"end":{"line":78,"column":71}},"6":{"start":{"line":85,"column":8},"end":{"line":85,"column":75}},"7":{"start":{"line":97,"column":8},"end":{"line":97,"column":2792}},"8":{"start":{"line":106,"column":8},"end":{"line":106,"column":77}},"9":{"start":{"line":107,"column":8},"end":{"line":107,"column":31}},"10":{"start":{"line":111,"column":8},"end":{"line":111,"column":68}},"11":{"start":{"line":112,"column":8},"end":{"line":112,"column":3274}},"12":{"start":{"line":113,"column":12},"end":{"line":113,"column":31}},"13":{"start":{"line":115,"column":8},"end":{"line":115,"column":21}},"14":{"start":{"line":129,"column":8},"end":{"line":129,"column":3631}},"15":{"start":{"line":143,"column":8},"end":{"line":143,"column":69}},"16":{"start":{"line":145,"column":8},"end":{"line":145,"column":51}},"17":{"start":{"line":153,"column":8},"end":{"line":153,"column":35}},"18":{"start":{"line":154,"column":8},"end":{"line":154,"column":37}},"19":{"start":{"line":155,"column":8},"end":{"line":155,"column":50}},"20":{"start":{"line":163,"column":8},"end":{"line":163,"column":60}},"21":{"start":{"line":171,"column":8},"end":{"line":171,"column":76}},"22":{"start":{"line":173,"column":8},"end":{"line":173,"column":57}},"23":{"start":{"line":177,"column":8},"end":{"line":177,"column":73}},"24":{"start":{"line":178,"column":8},"end":{"line":178,"column":5112}},"25":{"start":{"line":179,"column":12},"end":{"line":179,"column":35}},"26":{"start":{"line":181,"column":8},"end":{"line":181,"column":23}},"27":{"start":{"line":190,"column":8},"end":{"line":190,"column":44}},"28":{"start":{"line":191,"column":8},"end":{"line":191,"column":43}},"29":{"start":{"line":192,"column":8},"end":{"line":192,"column":39}},"30":{"start":{"line":196,"column":8},"end":{"line":196,"column":45}},"31":{"start":{"line":197,"column":8},"end":{"line":197,"column":44}}},"branchMap":{"1":{"line":68,"type":"if","locations":[{"start":{"line":68,"column":8},"end":{"line":68,"column":8}},{"start":{"line":68,"column":8},"end":{"line":68,"column":8}}]},"2":{"line":69,"type":"if","locations":[{"start":{"line":69,"column":8},"end":{"line":69,"column":8}},{"start":{"line":69,"column":8},"end":{"line":69,"column":8}}]},"3":{"line":70,"type":"if","locations":[{"start":{"line":70,"column":8},"end":{"line":70,"column":8}},{"start":{"line":70,"column":8},"end":{"line":70,"column":8}}]},"4":{"line":77,"type":"if","locations":[{"start":{"line":77,"column":8},"end":{"line":77,"column":8}},{"start":{"line":77,"column":8},"end":{"line":77,"column":8}}]},"5":{"line":78,"type":"if","locations":[{"start":{"line":78,"column":8},"end":{"line":78,"column":8}},{"start":{"line":78,"column":8},"end":{"line":78,"column":8}}]},"6":{"line":85,"type":"if","locations":[{"start":{"line":85,"column":8},"end":{"line":85,"column":8}},{"start":{"line":85,"column":8},"end":{"line":85,"column":8}}]}}}}