{
"contracts\\BikeContract.sol":{"l":{"68":5,"69":5,"70":5,"71":5,"75":3,"76":3,"77":15,"79":3,"83":2,"89":5,"90":5,"91":5,"95":1,"96":1,"97":1,"101":1,"102":1,"103":5,"105":1,"109":1,"115":1,"116":1,"120":1,"121":1,"125":1,"126":1},"path":"C:\\Users\\Enrico\\Desktop\\Projects\\x20132484_HDBC_SEPOL_PROJECT\\contracts\\BikeContract.sol","s":{"1":5,"2":5,"3":5,"4":3,"5":3,"6":15,"7":3,"8":2,"9":5,"10":5,"11":1,"12":1,"13":1,"14":1,"15":1,"16":5,"17":1,"18":1,"19":1,"20":1,"21":1,"22":1,"23":1,"24":1},"b":{},"f":{"1":5,"2":3,"3":2,"4":5,"5":1,"6":1,"7":1,"8":1,"9":1,"10":1},"fnMap":{"1":{"name":"newBike","line":67,"loc":{"start":{"line":67,"column":2},"end":{"line":72,"column":2}}},"2":{"name":"showListBikeDetails","line":74,"loc":{"start":{"line":74,"column":2},"end":{"line":80,"column":2}}},"3":{"name":"showBikeDetails","line":82,"loc":{"start":{"line":82,"column":2},"end":{"line":84,"column":2}}},"4":{"name":"_newOwner","line":88,"loc":{"start":{"line":88,"column":2},"end":{"line":92,"column":2}}},"5":{"name":"updateOwner","line":94,"loc":{"start":{"line":94,"column":2},"end":{"line":98,"column":2}}},"6":{"name":"showListOwnerDetails","line":100,"loc":{"start":{"line":100,"column":2},"end":{"line":106,"column":2}}},"7":{"name":"showOwnerDetails","line":108,"loc":{"start":{"line":108,"column":2},"end":{"line":110,"column":2}}},"8":{"name":"addDetails","line":114,"loc":{"start":{"line":114,"column":2},"end":{"line":117,"column":2}}},"9":{"name":"transferOwnership","line":119,"loc":{"start":{"line":119,"column":2},"end":{"line":122,"column":2}}},"10":{"name":"renounceOwnership","line":124,"loc":{"start":{"line":124,"column":2},"end":{"line":127,"column":2}}}},"statementMap":{"1":{"start":{"line":68,"column":4},"end":{"line":68,"column":93}},"2":{"start":{"line":70,"column":4},"end":{"line":70,"column":66}},"3":{"start":{"line":71,"column":4},"end":{"line":71,"column":27}},"4":{"start":{"line":75,"column":4},"end":{"line":75,"column":64}},"5":{"start":{"line":76,"column":4},"end":{"line":76,"column":1606}},"6":{"start":{"line":77,"column":8},"end":{"line":77,"column":27}},"7":{"start":{"line":79,"column":4},"end":{"line":79,"column":17}},"8":{"start":{"line":83,"column":4},"end":{"line":83,"column":100}},"9":{"start":{"line":89,"column":4},"end":{"line":89,"column":65}},"10":{"start":{"line":91,"column":4},"end":{"line":91,"column":47}},"11":{"start":{"line":95,"column":4},"end":{"line":95,"column":31}},"12":{"start":{"line":96,"column":4},"end":{"line":96,"column":33}},"13":{"start":{"line":97,"column":4},"end":{"line":97,"column":46}},"14":{"start":{"line":101,"column":4},"end":{"line":101,"column":67}},"15":{"start":{"line":102,"column":4},"end":{"line":102,"column":2545}},"16":{"start":{"line":103,"column":8},"end":{"line":103,"column":27}},"17":{"start":{"line":105,"column":4},"end":{"line":105,"column":17}},"18":{"start":{"line":109,"column":4},"end":{"line":109,"column":56}},"19":{"start":{"line":115,"column":4},"end":{"line":115,"column":32}},"20":{"start":{"line":116,"column":4},"end":{"line":116,"column":36}},"21":{"start":{"line":120,"column":4},"end":{"line":120,"column":40}},"22":{"start":{"line":121,"column":4},"end":{"line":121,"column":39}},"23":{"start":{"line":125,"column":4},"end":{"line":125,"column":41}},"24":{"start":{"line":126,"column":4},"end":{"line":126,"column":40}}},"branchMap":{}}}
