TN:
SF:C:\Users\Enrico\Desktop\Projects\x20132484_HDBC_SEPOL_PROJECT\contracts\BikeContract.sol
FN:69,newBikeSM
FN:76,showListBikeDetails
FN:86,_newOwner
FN:92,showOwnerDetails
FN:100,_updateOwner
FN:109,addDetails
FN:114,transferOwnership
FN:120,renounceOwnership
FNF:8
FNH:0
FNDA:0,newBikeSM
FNDA:0,showListBikeDetails
FNDA:0,_newOwner
FNDA:0,showOwnerDetails
FNDA:0,_updateOwner
FNDA:0,addDetails
FNDA:0,transferOwnership
FNDA:0,renounceOwnership
DA:70,0
DA:71,0
DA:72,0
DA:73,0
DA:77,0
DA:78,0
DA:79,0
DA:81,0
DA:87,0
DA:88,0
DA:89,0
DA:93,0
DA:94,0
DA:95,0
DA:97,0
DA:101,0
DA:102,0
DA:103,0
DA:104,0
DA:110,0
DA:111,0
DA:115,0
DA:116,0
DA:117,0
DA:121,0
DA:122,0
LF:26
LH:0
BRF:0
BRH:0
end_of_record
