TN:
SF:C:\Users\Enrico\Desktop\Projects\x20132484_HDBC_SEPOL_PROJECT\contracts\BikeContract.sol
FN:67,newBike
FN:74,showListBikeDetails
FN:82,showBikeDetails
FN:88,_newOwner
FN:94,updateOwner
FN:100,showOwnerDetails
FN:104,showListOwnerDetails
FN:113,addDetails
FN:118,transferOwnership
FN:123,renounceOwnership
FNF:10
FNH:0
FNDA:0,newBike
FNDA:0,showListBikeDetails
FNDA:0,showBikeDetails
FNDA:0,_newOwner
FNDA:0,updateOwner
FNDA:0,showOwnerDetails
FNDA:0,showListOwnerDetails
FNDA:0,addDetails
FNDA:0,transferOwnership
FNDA:0,renounceOwnership
DA:68,0
DA:69,0
DA:70,0
DA:71,0
DA:75,0
DA:76,0
DA:77,0
DA:79,0
DA:83,0
DA:89,0
DA:90,0
DA:91,0
DA:95,0
DA:96,0
DA:97,0
DA:101,0
DA:105,0
DA:106,0
DA:107,0
DA:109,0
DA:114,0
DA:115,0
DA:119,0
DA:120,0
DA:124,0
DA:125,0
LF:26
LH:0
BRF:0
BRH:0
end_of_record
